<?xml version="1.0" encoding="UTF-8"?>
<!-- Generated by org.testng.reporters.JUnitXMLReporter -->
<testsuite ignored="0" hostname="EC2AMAZ-S11DBRH" failures="0" tests="12" name="ModuleOneTest" time="0.125" errors="0" timestamp="2023-12-08T07:53:22 GMT">
  <testcase classname="ParrallelScripts.SampleOneTest" name="TestFour" time="0.013"/>
  <testcase classname="ParrallelScripts.SampleFourTest" name="TestOne" time="0.013"/>
  <testcase classname="ParrallelScripts.SampleOneTest" name="TestOne" time="0.002"/>
  <testcase classname="ParrallelScripts.SampleFourTest" name="TestTwo" time="0.005"/>
  <testcase classname="ParrallelScripts.SampleFourTest" name="Testfour" time="0.002"/>
  <testcase classname="ParrallelScripts.SampleOneTest" name="TestThree" time="0.008"/>
  <testcase classname="ParrallelScripts.SampleFourTest" name="Testthree" time="0.002"/>
  <testcase classname="ParrallelScripts.SampleOneTest" name="TestTwo" time="0.006"/>
  <testcase classname="ParrallelScripts.SampleThreeTest" name="TestOne" time="0.004"/>
  <testcase classname="ParrallelScripts.SampleThreeTest" name="TestThree" time="0.002"/>
  <testcase classname="ParrallelScripts.SampleThreeTest" name="TestTwo" time="0.001"/>
  <testcase classname="ParrallelScripts.SampleThreeTest" name="Testfour" time="0.001"/>
</testsuite> <!-- ModuleOneTest -->
