<?xml version="1.0" encoding="UTF-8"?>
<!-- Generated by org.testng.reporters.JUnitXMLReporter -->
<testsuite ignored="2" hostname="EC2AMAZ-S11DBRH" failures="0" tests="6" name="TestoneModue" time="0.188" errors="0" timestamp="2023-12-08T07:11:06 GMT">
  <testcase classname="TestScript.SampleThreeTest" name="testFour" time="0.025"/>
  <testcase classname="TestScript.SampleThreeTest" name="testOne" time="0.003"/>
  <testcase classname="TestScript.SampleFourTest" name="testFour" time="0.004"/>
  <testcase classname="TestScript.SampleFourTest" name="testOne" time="0.007"/>
  <testcase classname="TestScript.SampleFourTest" name="testThree" time="0.005"/>
  <testcase classname="TestScript.SampleFourTest" name="testTwo" time="0.01"/>
  <testcase classname="TestScript.SampleThreeTest" name="testThree" time="0.0">
    <ignored/>
  </testcase> <!-- testThree -->
  <testcase classname="TestScript.SampleThreeTest" name="testTwo" time="0.0">
    <ignored/>
  </testcase> <!-- testTwo -->
</testsuite> <!-- TestoneModue -->
