<?xml version="1.0" encoding="UTF-8"?>
<testng-results ignored="0" total="1" passed="1" failed="0" skipped="0">
  <reporter-output>
  </reporter-output>
  <suite started-at="2023-12-12T06:13:07 GMT" name="Default suite" finished-at="2023-12-12T06:15:18 GMT" duration-ms="130799">
    <groups>
    </groups>
    <test started-at="2023-12-12T06:13:07 GMT" name="Default test" finished-at="2023-12-12T06:15:18 GMT" duration-ms="130799">
      <class name="TestScript.LoginTest">
        <test-method is-config="true" signature="setup()[pri:0, instance:TestScript.LoginTest@5fa07e12]" started-at="2023-12-12T06:13:07 GMT" name="setup" finished-at="2023-12-12T06:15:14 GMT" duration-ms="127124" status="PASS">
          <reporter-output>
          </reporter-output>
        </test-method> <!-- setup -->
        <test-method signature="validLogin()[pri:0, instance:TestScript.LoginTest@5fa07e12]" started-at="2023-12-12T06:15:14 GMT" name="validLogin" finished-at="2023-12-12T06:15:18 GMT" duration-ms="3628" status="PASS">
          <reporter-output>
          </reporter-output>
        </test-method> <!-- validLogin -->
      </class> <!-- TestScript.LoginTest -->
    </test> <!-- Default test -->
  </suite> <!-- Default suite -->
</testng-results>
